TN:
SF:script/DeployOnScriptUserManagement.s.sol
DA:9,31
FN:9,DeployOnScriptUserManagement.run
FNDA:31,DeployOnScriptUserManagement.run
DA:10,31
DA:11,31
DA:12,31
DA:14,31
DA:15,31
DA:16,31
DA:17,31
DA:19,31
FNF:1
FNH:1
LF:9
LH:9
BRF:0
BRH:0
end_of_record
TN:
SF:script/HelperConfig.s.sol
DA:23,31
FN:23,HelperConfig.constructor
FNDA:31,HelperConfig.constructor
DA:24,31
BRDA:24,0,0,-
BRDA:24,0,1,31
DA:25,0
DA:26,31
BRDA:26,1,0,-
BRDA:26,1,1,31
DA:27,0
DA:29,31
DA:33,0
FN:33,HelperConfig.getBaseSepoliaEthConfig
FNDA:0,HelperConfig.getBaseSepoliaEthConfig
DA:34,0
DA:35,0
DA:37,0
DA:45,0
FN:45,HelperConfig.getBaseEthConfig
FNDA:0,HelperConfig.getBaseEthConfig
DA:46,0
DA:47,0
DA:48,0
DA:56,31
FN:56,HelperConfig.getOrCreateAnvilEthConfig
FNDA:31,HelperConfig.getOrCreateAnvilEthConfig
DA:57,31
BRDA:57,2,0,-
DA:58,0
DA:61,31
DA:63,31
DA:64,31
DA:65,31
DA:67,31
FNF:4
FNH:2
LF:22
LH:11
BRF:5
BRH:2
end_of_record
TN:
SF:src/OnscriptUserManagement.sol
DA:74,3
FN:74,OnscriptUserManagement.onlyRegisteredUser
FNDA:3,OnscriptUserManagement.onlyRegisteredUser
DA:75,3
BRDA:75,0,0,1
DA:76,1
DA:81,1
FN:81,OnscriptUserManagement.validFid
FNDA:1,OnscriptUserManagement.validFid
DA:82,1
BRDA:82,1,0,-
DA:83,0
DA:88,4
FN:88,OnscriptUserManagement.onlyOwnerOrAdmin
FNDA:4,OnscriptUserManagement.onlyOwnerOrAdmin
DA:89,4
BRDA:89,2,0,-
DA:90,0
DA:108,31
FN:108,OnscriptUserManagement.constructor
FNDA:31,OnscriptUserManagement.constructor
DA:109,31
BRDA:109,3,0,-
DA:110,0
DA:112,31
BRDA:112,4,0,-
DA:113,0
DA:115,31
DA:116,31
DA:128,18
FN:128,OnscriptUserManagement.registerUser
FNDA:18,OnscriptUserManagement.registerUser
DA:129,17
DA:130,1
BRDA:130,5,0,1
DA:131,1
DA:133,16
DA:134,16
DA:135,16
DA:142,2
FN:142,OnscriptUserManagement.updateUser
FNDA:2,OnscriptUserManagement.updateUser
DA:143,1
DA:144,1
DA:151,3
FN:151,OnscriptUserManagement.deleteUser
FNDA:3,OnscriptUserManagement.deleteUser
DA:152,2
DA:153,2
DA:154,2
DA:163,12
FN:163,OnscriptUserManagement.payForPremium
FNDA:12,OnscriptUserManagement.payForPremium
DA:165,11
DA:168,11
BRDA:168,6,0,-
DA:169,11
BRDA:169,7,0,-
DA:170,11
BRDA:170,8,0,-
DA:171,11
BRDA:171,9,0,-
DA:173,11
DA:174,11
DA:175,11
DA:176,11
DA:178,11
BRDA:178,10,0,1
DA:180,10
DA:181,0
BRDA:181,11,0,-
DA:182,10
DA:184,10
DA:185,10
BRDA:185,12,0,3
DA:186,3
DA:187,3
BRDA:187,13,0,-
DA:190,10
DA:202,4
FN:202,OnscriptUserManagement.setPremiumAmount
FNDA:4,OnscriptUserManagement.setPremiumAmount
DA:203,4
BRDA:203,14,0,2
DA:204,2
DA:205,2
DA:213,2
FN:213,OnscriptUserManagement.setPriceFeed
FNDA:2,OnscriptUserManagement.setPriceFeed
DA:214,1
BRDA:214,15,0,-
DA:215,1
DA:216,1
DA:224,5
FN:224,OnscriptUserManagement.grantAdmin
FNDA:5,OnscriptUserManagement.grantAdmin
DA:225,4
BRDA:225,16,0,-
DA:226,0
BRDA:226,17,0,-
DA:227,4
DA:228,4
DA:236,2
FN:236,OnscriptUserManagement.revokeAdmin
FNDA:2,OnscriptUserManagement.revokeAdmin
DA:237,1
BRDA:237,18,0,-
DA:238,1
DA:239,1
DA:246,2
FN:246,OnscriptUserManagement.withdrawFunds
FNDA:2,OnscriptUserManagement.withdrawFunds
DA:247,1
DA:248,1
DA:249,1
BRDA:249,19,0,-
DA:250,1
DA:262,3
FN:262,OnscriptUserManagement.getUserFid
FNDA:3,OnscriptUserManagement.getUserFid
DA:263,3
DA:271,1
FN:271,OnscriptUserManagement.getChainlinkDataFeedLatestAnswer
FNDA:1,OnscriptUserManagement.getChainlinkDataFeedLatestAnswer
DA:272,5
DA:273,5
DA:280,3
FN:280,OnscriptUserManagement.getPremiumAmountUsdBase
FNDA:3,OnscriptUserManagement.getPremiumAmountUsdBase
DA:281,3
DA:289,7
FN:289,OnscriptUserManagement.getIsUserPremium
FNDA:7,OnscriptUserManagement.getIsUserPremium
DA:290,7
DA:298,2
FN:298,OnscriptUserManagement.getIsUserAdmin
FNDA:2,OnscriptUserManagement.getIsUserAdmin
DA:299,2
DA:306,2
FN:306,OnscriptUserManagement.getFeedDecimals
FNDA:2,OnscriptUserManagement.getFeedDecimals
DA:307,2
DA:315,4
FN:315,OnscriptUserManagement.requiredWeiForPremium
FNDA:4,OnscriptUserManagement.requiredWeiForPremium
DA:316,4
DA:317,4
BRDA:317,20,0,-
DA:319,4
DA:320,4
DA:321,4
DA:322,4
DA:328,15
FN:328,OnscriptUserManagement._ceilDiv
FNDA:15,OnscriptUserManagement._ceilDiv
DA:329,15
FNF:21
FNH:21
LF:93
LH:87
BRF:21
BRH:5
end_of_record
TN:
SF:test/mocks/MockV3Aggregator.sol
DA:24,31
FN:24,MockV3Aggregator.constructor
FNDA:31,MockV3Aggregator.constructor
DA:25,31
DA:26,31
DA:29,31
FN:29,MockV3Aggregator.updateAnswer
FNDA:31,MockV3Aggregator.updateAnswer
DA:30,31
DA:31,31
DA:32,31
DA:33,31
DA:34,31
DA:35,31
DA:38,0
FN:38,MockV3Aggregator.updateRoundData
FNDA:0,MockV3Aggregator.updateRoundData
DA:39,0
DA:40,0
DA:41,0
DA:42,0
DA:43,0
DA:44,0
DA:47,0
FN:47,MockV3Aggregator.getRoundData
FNDA:0,MockV3Aggregator.getRoundData
DA:52,0
DA:55,16
FN:55,MockV3Aggregator.latestRoundData
FNDA:16,MockV3Aggregator.latestRoundData
DA:60,16
DA:69,0
FN:69,MockV3Aggregator.description
FNDA:0,MockV3Aggregator.description
DA:70,0
FNF:6
FNH:3
LF:23
LH:12
BRF:0
BRH:0
end_of_record
